Using pre-set license
Built from '2020.2/release' branch; Version is '2020.2.0f1 (3721df5a8b28) revision 3613151'; Using compiler version '192528614'; Build Type 'Release'
OS: 'Windows 10  (10.0.0) 64bit' Language: 'en' Physical Memory: 32716 MB
BatchMode: 1, IsHumanControllingUs: 0, StartBugReporterOnCrash: 0, Is64bit: 1, IsPro: 0

 COMMAND LINE ARGUMENTS:
C:\Program Files\Unity\Hub\Editor\2020.2.0f1\Editor\Unity.exe
-adb2
-batchMode
-noUpm
-name
AssetImportWorker1
-projectPath
D:/Albasigma/AlphaSigma
-logFile
Logs/AssetImportWorker1.log
-srvPort
64229
Successfully changed project path to: D:/Albasigma/AlphaSigma
D:/Albasigma/AlphaSigma
Using Asset Import Pipeline V2.
Refreshing native plugins compatible for Editor in 84.95 ms, found 0 plugins.
Preloading 0 native plugins for Editor in 0.00 ms.
Initialize engine version: 2020.2.0f1 (3721df5a8b28)
[Subsystems] Discovering subsystems at path C:/Program Files/Unity/Hub/Editor/2020.2.0f1/Editor/Data/Resources/UnitySubsystems
[Subsystems] Discovering subsystems at path D:/Albasigma/AlphaSigma/Assets
GfxDevice: creating device client; threaded=0
Direct3D:
    Version:  Direct3D 11.0 [level 11.1]
    Renderer: NVIDIA GeForce GTX 1650 (ID=0x1f82)
    Vendor:   
    VRAM:     3962 MB
    Driver:   27.21.14.6627
Shader 'Universal Render Pipeline/Particles/Lit': fallback shader 'Universal Render Pipeline/Particles/SimpleLit' not found
Initialize mono
Mono path[0] = 'C:/Program Files/Unity/Hub/Editor/2020.2.0f1/Editor/Data/Managed'
Mono path[1] = 'C:/Program Files/Unity/Hub/Editor/2020.2.0f1/Editor/Data/MonoBleedingEdge/lib/mono/unityjit'
Mono config path = 'C:/Program Files/Unity/Hub/Editor/2020.2.0f1/Editor/Data/MonoBleedingEdge/etc'
Using monoOptions --debugger-agent=transport=dt_socket,embedding=1,server=y,suspend=n,address=127.0.0.1:56760
Begin MonoManager ReloadAssembly
Registering precompiled unity dll's ...
Register platform support module: C:/Program Files/Unity/Hub/Editor/2020.2.0f1/Editor/Data/PlaybackEngines/WebGLSupport/UnityEditor.WebGL.Extensions.dll
Register platform support module: C:/Program Files/Unity/Hub/Editor/2020.2.0f1/Editor/Data/PlaybackEngines/WindowsStandaloneSupport/UnityEditor.WindowsStandalone.Extensions.dll
Registered in 0.002086 seconds.
Native extension for WindowsStandalone target not found
Native extension for WebGL target not found
Refreshing native plugins compatible for Editor in 80.50 ms, found 0 plugins.
Preloading 0 native plugins for Editor in 0.00 ms.
Invoked RoslynAnalysisRunner static constructor.
RoslynAnalysisRunner will not be running.
RoslynAnalysisRunner has terminated.
Mono: successfully reloaded assembly
- Completed reload, in  1.860 seconds
Platform modules already initialized, skipping
Registering precompiled user dll's ...
Registered in 0.001569 seconds.
Begin MonoManager ReloadAssembly
Native extension for WindowsStandalone target not found
Native extension for WebGL target not found
Refreshing native plugins compatible for Editor in 79.33 ms, found 0 plugins.
Preloading 0 native plugins for Editor in 0.00 ms.
Invoked RoslynAnalysisRunner static constructor.
RoslynAnalysisRunner will not be running.
RoslynAnalysisRunner has terminated.
Mono: successfully reloaded assembly
- Completed reload, in  3.607 seconds
Platform modules already initialized, skipping
========================================================================
Worker process is ready to serve import requests
Shader 'Universal Render Pipeline/Particles/Lit': fallback shader 'Universal Render Pipeline/Particles/SimpleLit' not found
Launched and connected shader compiler UnityShaderCompiler.exe after 0.06 seconds
Refreshing native plugins compatible for Editor in 0.81 ms, found 0 plugins.
Preloading 0 native plugins for Editor in 0.00 ms.
Unloading 3389 Unused Serialized files (Serialized files now loaded: 0)
System memory in use before: 162.9 MB.
System memory in use after: 161.1 MB.

Unloading 44 unused Assets to reduce memory usage. Loaded Objects now: 3829.
Total: 3.621700 ms (FindLiveObjects: 0.339300 ms CreateObjectMapping: 0.084200 ms MarkObjects: 2.114100 ms  DeleteObjects: 1.083000 ms)

========================================================================
Received Import Request.
  path: Assets/Scripts/TRPG/ScriptableObjects
  artifactKey: Guid(bb1255dfc316a934c9ba666779f6fc59) Importer(815301076,1909f56bfc062723c751e8b465ee728b)
Start importing Assets/Scripts/TRPG/ScriptableObjects using Guid(bb1255dfc316a934c9ba666779f6fc59) Importer(815301076,1909f56bfc062723c751e8b465ee728b)  -> (artifact id: '79a769dfceaaea0971b77aaab667e3eb') in 0.012039 seconds
  Import took 0.017540 seconds .

========================================================================
Received Import Request.
  Time since last request: 69.354544 seconds.
  path: Assets/Scripts/TRPG/ScriptableObjects/PartyMember.cs
  artifactKey: Guid(3b2c2bf8731ffd243941035ac57b1bdc) Importer(815301076,1909f56bfc062723c751e8b465ee728b)
Start importing Assets/Scripts/TRPG/ScriptableObjects/PartyMember.cs using Guid(3b2c2bf8731ffd243941035ac57b1bdc) Importer(815301076,1909f56bfc062723c751e8b465ee728b)  -> (artifact id: '87fd6cba720147bc514289f03a7b35a8') in 0.033798 seconds
  Import took 0.064733 seconds .

========================================================================
Received Prepare
Registering precompiled user dll's ...
Registered in 0.001538 seconds.
Begin MonoManager ReloadAssembly
Native extension for WindowsStandalone target not found
Native extension for WebGL target not found
Refreshing native plugins compatible for Editor in 0.68 ms, found 0 plugins.
Preloading 0 native plugins for Editor in 0.00 ms.
Invoked RoslynAnalysisRunner static constructor.
RoslynAnalysisRunner will not be running.
RoslynAnalysisRunner has terminated.
Mono: successfully reloaded assembly
- Completed reload, in  1.110 seconds
Platform modules already initialized, skipping
Shader 'Universal Render Pipeline/Particles/Lit': fallback shader 'Universal Render Pipeline/Particles/SimpleLit' not found
Refreshing native plugins compatible for Editor in 0.61 ms, found 0 plugins.
Preloading 0 native plugins for Editor in 0.00 ms.
Unloading 3286 Unused Serialized files (Serialized files now loaded: 0)
System memory in use before: 158.5 MB.
System memory in use after: 156.7 MB.

Unloading 38 unused Assets to reduce memory usage. Loaded Objects now: 3832.
Total: 3.594200 ms (FindLiveObjects: 0.328900 ms CreateObjectMapping: 0.092500 ms MarkObjects: 2.026400 ms  DeleteObjects: 1.145200 ms)

========================================================================
Received Import Request.
  Time since last request: 21.851056 seconds.
  path: Assets/Scripts/TRPG/ScriptableObjects/EnemyPartyMember.cs
  artifactKey: Guid(b2b9cd84a85ec0443af3955ed6cf232d) Importer(815301076,1909f56bfc062723c751e8b465ee728b)
Start importing Assets/Scripts/TRPG/ScriptableObjects/EnemyPartyMember.cs using Guid(b2b9cd84a85ec0443af3955ed6cf232d) Importer(815301076,1909f56bfc062723c751e8b465ee728b)  -> (artifact id: '43a75b95a03e2a43bf5b350720253dfc') in 0.011038 seconds
  Import took 0.035817 seconds .

========================================================================
Received Import Request.
  Time since last request: 0.001698 seconds.
  path: Assets/Scripts/TRPG/ScriptableObjects/EnemyPartyMember.cs
  artifactKey: Guid(b2b9cd84a85ec0443af3955ed6cf232d) Importer(815301076,1909f56bfc062723c751e8b465ee728b)
Start importing Assets/Scripts/TRPG/ScriptableObjects/EnemyPartyMember.cs using Guid(b2b9cd84a85ec0443af3955ed6cf232d) Importer(815301076,1909f56bfc062723c751e8b465ee728b)  -> (artifact id: '43a75b95a03e2a43bf5b350720253dfc') in 0.002322 seconds
  Import took 0.007605 seconds .

========================================================================
Received Prepare
Registering precompiled user dll's ...
Registered in 0.001622 seconds.
Begin MonoManager ReloadAssembly
Native extension for WindowsStandalone target not found
Native extension for WebGL target not found
Refreshing native plugins compatible for Editor in 0.62 ms, found 0 plugins.
Preloading 0 native plugins for Editor in 0.00 ms.
Invoked RoslynAnalysisRunner static constructor.
RoslynAnalysisRunner will not be running.
RoslynAnalysisRunner has terminated.
Mono: successfully reloaded assembly
- Completed reload, in  1.096 seconds
Platform modules already initialized, skipping
Shader 'Universal Render Pipeline/Particles/Lit': fallback shader 'Universal Render Pipeline/Particles/SimpleLit' not found
Refreshing native plugins compatible for Editor in 0.64 ms, found 0 plugins.
Preloading 0 native plugins for Editor in 0.00 ms.
Unloading 3287 Unused Serialized files (Serialized files now loaded: 0)
System memory in use before: 158.6 MB.
System memory in use after: 156.8 MB.

Unloading 38 unused Assets to reduce memory usage. Loaded Objects now: 3835.
Total: 4.032400 ms (FindLiveObjects: 0.348700 ms CreateObjectMapping: 0.085800 ms MarkObjects: 2.305300 ms  DeleteObjects: 1.291100 ms)

========================================================================
Received Prepare
Registering precompiled user dll's ...
Registered in 0.001626 seconds.
Begin MonoManager ReloadAssembly
Native extension for WindowsStandalone target not found
Native extension for WebGL target not found
Refreshing native plugins compatible for Editor in 0.63 ms, found 0 plugins.
Preloading 0 native plugins for Editor in 0.00 ms.
Invoked RoslynAnalysisRunner static constructor.
RoslynAnalysisRunner will not be running.
RoslynAnalysisRunner has terminated.
Mono: successfully reloaded assembly
- Completed reload, in  1.219 seconds
Platform modules already initialized, skipping
Shader 'Universal Render Pipeline/Particles/Lit': fallback shader 'Universal Render Pipeline/Particles/SimpleLit' not found
Refreshing native plugins compatible for Editor in 0.63 ms, found 0 plugins.
Preloading 0 native plugins for Editor in 0.00 ms.
Unloading 3287 Unused Serialized files (Serialized files now loaded: 0)
System memory in use before: 158.6 MB.
System memory in use after: 156.9 MB.

Unloading 38 unused Assets to reduce memory usage. Loaded Objects now: 3837.
Total: 4.381300 ms (FindLiveObjects: 0.394900 ms CreateObjectMapping: 0.091100 ms MarkObjects: 2.631400 ms  DeleteObjects: 1.262300 ms)

========================================================================
Received Import Request.
  Time since last request: 520.486675 seconds.
  path: Assets/Scripts/TRPG/ScriptableObjects/PlayerPartyMember.cs
  artifactKey: Guid(3b2c2bf8731ffd243941035ac57b1bdc) Importer(815301076,1909f56bfc062723c751e8b465ee728b)
Start importing Assets/Scripts/TRPG/ScriptableObjects/PlayerPartyMember.cs using Guid(3b2c2bf8731ffd243941035ac57b1bdc) Importer(815301076,1909f56bfc062723c751e8b465ee728b)  -> (artifact id: '00a078578f0c96a7fe631161a41c0980') in 0.010221 seconds
  Import took 0.016782 seconds .

========================================================================
Received Prepare
Registering precompiled user dll's ...
Registered in 0.001614 seconds.
Begin MonoManager ReloadAssembly
Native extension for WindowsStandalone target not found
Native extension for WebGL target not found
Refreshing native plugins compatible for Editor in 0.61 ms, found 0 plugins.
Preloading 0 native plugins for Editor in 0.00 ms.
Invoked RoslynAnalysisRunner static constructor.
RoslynAnalysisRunner will not be running.
RoslynAnalysisRunner has terminated.
Mono: successfully reloaded assembly
- Completed reload, in  1.106 seconds
Platform modules already initialized, skipping
Shader 'Universal Render Pipeline/Particles/Lit': fallback shader 'Universal Render Pipeline/Particles/SimpleLit' not found
Refreshing native plugins compatible for Editor in 0.77 ms, found 0 plugins.
Preloading 0 native plugins for Editor in 0.00 ms.
Unloading 3287 Unused Serialized files (Serialized files now loaded: 0)
System memory in use before: 158.6 MB.
System memory in use after: 156.9 MB.

Unloading 38 unused Assets to reduce memory usage. Loaded Objects now: 3839.
Total: 3.795000 ms (FindLiveObjects: 0.351800 ms CreateObjectMapping: 0.090300 ms MarkObjects: 2.089100 ms  DeleteObjects: 1.262300 ms)

========================================================================
Received Import Request.
  Time since last request: 102.559237 seconds.
  path: Assets/Scripts/TRPG/ScriptableObjects/EnemyPartyMember.cs
  artifactKey: Guid(b2b9cd84a85ec0443af3955ed6cf232d) Importer(815301076,1909f56bfc062723c751e8b465ee728b)
Start importing Assets/Scripts/TRPG/ScriptableObjects/EnemyPartyMember.cs using Guid(b2b9cd84a85ec0443af3955ed6cf232d) Importer(815301076,1909f56bfc062723c751e8b465ee728b)  -> (artifact id: 'bd65b6e1d259455c595692b058b244c5') in 0.006716 seconds
  Import took 0.036208 seconds .

========================================================================
Received Prepare
Registering precompiled user dll's ...
Registered in 0.002570 seconds.
Begin MonoManager ReloadAssembly
Native extension for WindowsStandalone target not found
Native extension for WebGL target not found
Refreshing native plugins compatible for Editor in 0.61 ms, found 0 plugins.
Preloading 0 native plugins for Editor in 0.00 ms.
Invoked RoslynAnalysisRunner static constructor.
RoslynAnalysisRunner will not be running.
RoslynAnalysisRunner has terminated.
Mono: successfully reloaded assembly
- Completed reload, in  1.112 seconds
Platform modules already initialized, skipping
Shader 'Universal Render Pipeline/Particles/Lit': fallback shader 'Universal Render Pipeline/Particles/SimpleLit' not found
Refreshing native plugins compatible for Editor in 0.60 ms, found 0 plugins.
Preloading 0 native plugins for Editor in 0.00 ms.
Unloading 3287 Unused Serialized files (Serialized files now loaded: 0)
System memory in use before: 158.7 MB.
System memory in use after: 156.9 MB.

Unloading 38 unused Assets to reduce memory usage. Loaded Objects now: 3841.
Total: 4.140800 ms (FindLiveObjects: 0.404800 ms CreateObjectMapping: 0.087400 ms MarkObjects: 2.306900 ms  DeleteObjects: 1.339800 ms)

========================================================================
Received Import Request.
  Time since last request: 23416.418336 seconds.
  path: Assets/Scripts/TRPG/ScriptableObjects/EnemyPartyMember.cs
  artifactKey: Guid(b2b9cd84a85ec0443af3955ed6cf232d) Importer(815301076,1909f56bfc062723c751e8b465ee728b)
Start importing Assets/Scripts/TRPG/ScriptableObjects/EnemyPartyMember.cs using Guid(b2b9cd84a85ec0443af3955ed6cf232d) Importer(815301076,1909f56bfc062723c751e8b465ee728b)  -> (artifact id: '644ed1870c0017a3f85489e54c470169') in 0.011429 seconds
  Import took 0.069584 seconds .

========================================================================
Received Prepare
Registering precompiled user dll's ...
Registered in 0.001637 seconds.
Begin MonoManager ReloadAssembly
Native extension for WindowsStandalone target not found
Native extension for WebGL target not found
Refreshing native plugins compatible for Editor in 0.66 ms, found 0 plugins.
Preloading 0 native plugins for Editor in 0.00 ms.
Invoked RoslynAnalysisRunner static constructor.
RoslynAnalysisRunner will not be running.
RoslynAnalysisRunner has terminated.
Mono: successfully reloaded assembly
- Completed reload, in  1.084 seconds
Platform modules already initialized, skipping
Shader 'Universal Render Pipeline/Particles/Lit': fallback shader 'Universal Render Pipeline/Particles/SimpleLit' not found
Refreshing native plugins compatible for Editor in 0.60 ms, found 0 plugins.
Preloading 0 native plugins for Editor in 0.00 ms.
Unloading 3287 Unused Serialized files (Serialized files now loaded: 0)
System memory in use before: 158.6 MB.
System memory in use after: 156.9 MB.

Unloading 38 unused Assets to reduce memory usage. Loaded Objects now: 3843.
Total: 4.229800 ms (FindLiveObjects: 0.417100 ms CreateObjectMapping: 0.103200 ms MarkObjects: 2.352100 ms  DeleteObjects: 1.355900 ms)

========================================================================
Received Import Request.
  Time since last request: 508.604544 seconds.
  path: Assets/Scripts/TRPG/ScriptableObjects/EnemyPartyMember.cs
  artifactKey: Guid(b2b9cd84a85ec0443af3955ed6cf232d) Importer(815301076,1909f56bfc062723c751e8b465ee728b)
Start importing Assets/Scripts/TRPG/ScriptableObjects/EnemyPartyMember.cs using Guid(b2b9cd84a85ec0443af3955ed6cf232d) Importer(815301076,1909f56bfc062723c751e8b465ee728b)  -> (artifact id: '03509f635809998401e639f9ed807a8c') in 0.006705 seconds
  Import took 0.139325 seconds .

========================================================================
Received Import Request.
  Time since last request: 156195.424155 seconds.
  path: Assets/Scripts/TRPG/ScriptableObjects/PlayerPartyMember.cs
  artifactKey: Guid(3b2c2bf8731ffd243941035ac57b1bdc) Importer(815301076,1909f56bfc062723c751e8b465ee728b)
Start importing Assets/Scripts/TRPG/ScriptableObjects/PlayerPartyMember.cs using Guid(3b2c2bf8731ffd243941035ac57b1bdc) Importer(815301076,1909f56bfc062723c751e8b465ee728b)  -> (artifact id: '3b9347a664485fe650eba065e856816c') in 0.008046 seconds
  Import took 0.032260 seconds .

========================================================================
Received Prepare
Registering precompiled user dll's ...
Registered in 0.001966 seconds.
Begin MonoManager ReloadAssembly
Native extension for WindowsStandalone target not found
Native extension for WebGL target not found
Refreshing native plugins compatible for Editor in 0.65 ms, found 0 plugins.
Preloading 0 native plugins for Editor in 0.00 ms.
Invoked RoslynAnalysisRunner static constructor.
RoslynAnalysisRunner will not be running.
RoslynAnalysisRunner has terminated.
Mono: successfully reloaded assembly
- Completed reload, in  1.215 seconds
Platform modules already initialized, skipping
Shader 'Universal Render Pipeline/Particles/Lit': fallback shader 'Universal Render Pipeline/Particles/SimpleLit' not found
Refreshing native plugins compatible for Editor in 0.61 ms, found 0 plugins.
Preloading 0 native plugins for Editor in 0.00 ms.
Unloading 3287 Unused Serialized files (Serialized files now loaded: 0)
System memory in use before: 158.7 MB.
System memory in use after: 156.9 MB.

Unloading 38 unused Assets to reduce memory usage. Loaded Objects now: 3845.
Total: 4.295900 ms (FindLiveObjects: 0.392600 ms CreateObjectMapping: 0.098700 ms MarkObjects: 2.413700 ms  DeleteObjects: 1.389600 ms)

========================================================================
Received Import Request.
  Time since last request: 84.871987 seconds.
  path: Assets/Scripts/TRPG/ScriptableObjects/CT.asset
  artifactKey: Guid(52d9db0e41d0e0e4085052c28ff4a00f) Importer(815301076,1909f56bfc062723c751e8b465ee728b)
Start importing Assets/Scripts/TRPG/ScriptableObjects/CT.asset using Guid(52d9db0e41d0e0e4085052c28ff4a00f) Importer(815301076,1909f56bfc062723c751e8b465ee728b)  -> (artifact id: '153551727bf7b2bb541302a95c52900b') in 0.026070 seconds
  Import took 0.031902 seconds .

========================================================================
Received Import Request.
  Time since last request: 23.560702 seconds.
  path: Assets/Scripts/TRPG/Gameplay
  artifactKey: Guid(6fa64730db76ebe4c992c6ebdfeafbb7) Importer(815301076,1909f56bfc062723c751e8b465ee728b)
Start importing Assets/Scripts/TRPG/Gameplay using Guid(6fa64730db76ebe4c992c6ebdfeafbb7) Importer(815301076,1909f56bfc062723c751e8b465ee728b)  -> (artifact id: '61994d52b1c61670a74023d48b142b4a') in 0.007691 seconds
  Import took 0.069641 seconds .

========================================================================
Received Import Request.
  Time since last request: 5.774784 seconds.
  path: Assets/BattleArea.cs
  artifactKey: Guid(b91abf2b46516214a9e5954416ab435e) Importer(815301076,1909f56bfc062723c751e8b465ee728b)
Start importing Assets/BattleArea.cs using Guid(b91abf2b46516214a9e5954416ab435e) Importer(815301076,1909f56bfc062723c751e8b465ee728b)  -> (artifact id: '8d8f2e56daab9d680e3fa5df88901b4c') in 0.007382 seconds
  Import took 0.012598 seconds .

========================================================================
Received Import Request.
  Time since last request: 2.574985 seconds.
  path: Assets/Party.cs
  artifactKey: Guid(0c6f0cc19bdf40b43ae99ae1775d9254) Importer(815301076,1909f56bfc062723c751e8b465ee728b)
Start importing Assets/Party.cs using Guid(0c6f0cc19bdf40b43ae99ae1775d9254) Importer(815301076,1909f56bfc062723c751e8b465ee728b)  -> (artifact id: 'd0cba2a83efa4b926ad0deb8e7719131') in 0.006535 seconds
  Import took 0.152151 seconds .

========================================================================
Received Prepare
Registering precompiled user dll's ...
Registered in 0.002478 seconds.
Begin MonoManager ReloadAssembly
Native extension for WindowsStandalone target not found
Native extension for WebGL target not found
Refreshing native plugins compatible for Editor in 0.62 ms, found 0 plugins.
Preloading 0 native plugins for Editor in 0.00 ms.
Invoked RoslynAnalysisRunner static constructor.
RoslynAnalysisRunner will not be running.
RoslynAnalysisRunner has terminated.
Mono: successfully reloaded assembly
- Completed reload, in  1.254 seconds
Platform modules already initialized, skipping
Shader 'Universal Render Pipeline/Particles/Lit': fallback shader 'Universal Render Pipeline/Particles/SimpleLit' not found
Refreshing native plugins compatible for Editor in 0.67 ms, found 0 plugins.
Preloading 0 native plugins for Editor in 0.00 ms.
Unloading 3287 Unused Serialized files (Serialized files now loaded: 0)
System memory in use before: 158.7 MB.
System memory in use after: 156.9 MB.

Unloading 38 unused Assets to reduce memory usage. Loaded Objects now: 3847.
Total: 6.370700 ms (FindLiveObjects: 0.648900 ms CreateObjectMapping: 0.171600 ms MarkObjects: 3.834800 ms  DeleteObjects: 1.713200 ms)

========================================================================
Received Import Request.
  Time since last request: 27.376644 seconds.
  path: Assets/Scripts/TRPG/Gameplay/PlayerMovement.cs
  artifactKey: Guid(9de91599d35e8c245b31de78ed7e39f9) Importer(815301076,1909f56bfc062723c751e8b465ee728b)
Start importing Assets/Scripts/TRPG/Gameplay/PlayerMovement.cs using Guid(9de91599d35e8c245b31de78ed7e39f9) Importer(815301076,1909f56bfc062723c751e8b465ee728b)  -> (artifact id: '116d50ed46b947f17a91fdc713c69e30') in 0.011667 seconds
  Import took 0.038447 seconds .

========================================================================
Received Prepare
Registering precompiled user dll's ...
Registered in 0.001744 seconds.
Begin MonoManager ReloadAssembly
Native extension for WindowsStandalone target not found
Native extension for WebGL target not found
Refreshing native plugins compatible for Editor in 0.66 ms, found 0 plugins.
Preloading 0 native plugins for Editor in 0.00 ms.
Invoked RoslynAnalysisRunner static constructor.
RoslynAnalysisRunner will not be running.
RoslynAnalysisRunner has terminated.
Mono: successfully reloaded assembly
- Completed reload, in  1.241 seconds
Platform modules already initialized, skipping
Shader 'Universal Render Pipeline/Particles/Lit': fallback shader 'Universal Render Pipeline/Particles/SimpleLit' not found
Refreshing native plugins compatible for Editor in 0.63 ms, found 0 plugins.
Preloading 0 native plugins for Editor in 0.00 ms.
Unloading 3287 Unused Serialized files (Serialized files now loaded: 0)
System memory in use before: 158.7 MB.
System memory in use after: 156.9 MB.

Unloading 38 unused Assets to reduce memory usage. Loaded Objects now: 3849.
Total: 4.360700 ms (FindLiveObjects: 0.503500 ms CreateObjectMapping: 0.105400 ms MarkObjects: 2.345200 ms  DeleteObjects: 1.404900 ms)

========================================================================
Received Prepare
Registering precompiled user dll's ...
Registered in 0.001749 seconds.
Begin MonoManager ReloadAssembly
Native extension for WindowsStandalone target not found
Native extension for WebGL target not found
Refreshing native plugins compatible for Editor in 0.67 ms, found 0 plugins.
Preloading 0 native plugins for Editor in 0.00 ms.
Invoked RoslynAnalysisRunner static constructor.
RoslynAnalysisRunner will not be running.
RoslynAnalysisRunner has terminated.
Mono: successfully reloaded assembly
- Completed reload, in  1.224 seconds
Platform modules already initialized, skipping
Shader 'Universal Render Pipeline/Particles/Lit': fallback shader 'Universal Render Pipeline/Particles/SimpleLit' not found
Refreshing native plugins compatible for Editor in 0.62 ms, found 0 plugins.
Preloading 0 native plugins for Editor in 0.00 ms.
Unloading 3287 Unused Serialized files (Serialized files now loaded: 0)
System memory in use before: 158.7 MB.
System memory in use after: 156.9 MB.

Unloading 38 unused Assets to reduce memory usage. Loaded Objects now: 3851.
Total: 4.121300 ms (FindLiveObjects: 0.405500 ms CreateObjectMapping: 0.095000 ms MarkObjects: 2.289300 ms  DeleteObjects: 1.330200 ms)

========================================================================
Received Import Request.
  Time since last request: 68.409267 seconds.
  path: Assets/Prefabs/TTRPG
  artifactKey: Guid(3384aaad4cb0a79489535ffa3acbdb24) Importer(815301076,1909f56bfc062723c751e8b465ee728b)
Start importing Assets/Prefabs/TTRPG using Guid(3384aaad4cb0a79489535ffa3acbdb24) Importer(815301076,1909f56bfc062723c751e8b465ee728b)  -> (artifact id: 'db0f14d126ea435f662b8aefcd3375f4') in 0.012024 seconds
  Import took 0.018154 seconds .

========================================================================
Received Import Request.
  Time since last request: 21.885291 seconds.
  path: Assets/Prefabs/TTRPG/BattleObject.prefab
  artifactKey: Guid(f17f1f32b842256499a8a2f8e4f9e5b2) Importer(815301076,1909f56bfc062723c751e8b465ee728b)
Start importing Assets/Prefabs/TTRPG/BattleObject.prefab using Guid(f17f1f32b842256499a8a2f8e4f9e5b2) Importer(815301076,1909f56bfc062723c751e8b465ee728b)  -> (artifact id: '65ce3bfb0ab48c9ca5baa4f013d91dcd') in 0.032677 seconds
  Import took 0.052701 seconds .

========================================================================
Received Import Request.
  Time since last request: 6.319829 seconds.
  path: Assets/Prefabs/TTRPG/BattleObject.prefab
  artifactKey: Guid(f17f1f32b842256499a8a2f8e4f9e5b2) Importer(815301076,1909f56bfc062723c751e8b465ee728b)
Start importing Assets/Prefabs/TTRPG/BattleObject.prefab using Guid(f17f1f32b842256499a8a2f8e4f9e5b2) Importer(815301076,1909f56bfc062723c751e8b465ee728b)  -> (artifact id: 'bec35cba7115e675ea43b4c81e2546fb') in 0.004457 seconds
  Import took 0.011447 seconds .

========================================================================
Received Import Request.
  Time since last request: 0.003045 seconds.
  path: Assets/Prefabs/TTRPG/BattleObject.prefab
  artifactKey: Guid(f17f1f32b842256499a8a2f8e4f9e5b2) Importer(815301076,1909f56bfc062723c751e8b465ee728b)
Start importing Assets/Prefabs/TTRPG/BattleObject.prefab using Guid(f17f1f32b842256499a8a2f8e4f9e5b2) Importer(815301076,1909f56bfc062723c751e8b465ee728b)  -> (artifact id: 'bec35cba7115e675ea43b4c81e2546fb') in 0.005019 seconds
  Import took 0.011856 seconds .

========================================================================
Received Import Request.
  Time since last request: 87.735331 seconds.
  path: Assets/Plugins/Wolf3D/RPM Avatar Pack/Prefabs/Male
  artifactKey: Guid(f12140c41102c4e43ab9a94f32399465) Importer(815301076,1909f56bfc062723c751e8b465ee728b)
Start importing Assets/Plugins/Wolf3D/RPM Avatar Pack/Prefabs/Male using Guid(f12140c41102c4e43ab9a94f32399465) Importer(815301076,1909f56bfc062723c751e8b465ee728b)  -> (artifact id: '4b66f0326345f129e96dd34fbf9bac40') in 0.008684 seconds
  Import took 0.014427 seconds .

========================================================================
Received Prepare
Registering precompiled user dll's ...
Registered in 0.002141 seconds.
Begin MonoManager ReloadAssembly
Native extension for WindowsStandalone target not found
Native extension for WebGL target not found
Refreshing native plugins compatible for Editor in 0.67 ms, found 0 plugins.
Preloading 0 native plugins for Editor in 0.00 ms.
Invoked RoslynAnalysisRunner static constructor.
RoslynAnalysisRunner will not be running.
RoslynAnalysisRunner has terminated.
Mono: successfully reloaded assembly
- Completed reload, in  1.284 seconds
Platform modules already initialized, skipping
Shader 'Universal Render Pipeline/Particles/Lit': fallback shader 'Universal Render Pipeline/Particles/SimpleLit' not found
Refreshing native plugins compatible for Editor in 0.62 ms, found 0 plugins.
Preloading 0 native plugins for Editor in 0.00 ms.
Unloading 3288 Unused Serialized files (Serialized files now loaded: 0)
System memory in use before: 158.7 MB.
System memory in use after: 157.0 MB.

Unloading 38 unused Assets to reduce memory usage. Loaded Objects now: 3854.
Total: 4.542900 ms (FindLiveObjects: 0.372800 ms CreateObjectMapping: 0.095100 ms MarkObjects: 2.610500 ms  DeleteObjects: 1.463100 ms)

========================================================================
Received Prepare
Registering precompiled user dll's ...
Registered in 0.002039 seconds.
Begin MonoManager ReloadAssembly
Native extension for WindowsStandalone target not found
Native extension for WebGL target not found
Refreshing native plugins compatible for Editor in 0.63 ms, found 0 plugins.
Preloading 0 native plugins for Editor in 0.00 ms.
Invoked RoslynAnalysisRunner static constructor.
RoslynAnalysisRunner will not be running.
RoslynAnalysisRunner has terminated.
Mono: successfully reloaded assembly
- Completed reload, in  1.185 seconds
Platform modules already initialized, skipping
Shader 'Universal Render Pipeline/Particles/Lit': fallback shader 'Universal Render Pipeline/Particles/SimpleLit' not found
Refreshing native plugins compatible for Editor in 0.64 ms, found 0 plugins.
Preloading 0 native plugins for Editor in 0.00 ms.
Unloading 3288 Unused Serialized files (Serialized files now loaded: 0)
System memory in use before: 158.7 MB.
System memory in use after: 157.0 MB.

Unloading 38 unused Assets to reduce memory usage. Loaded Objects now: 3856.
Total: 4.087500 ms (FindLiveObjects: 0.351600 ms CreateObjectMapping: 0.089600 ms MarkObjects: 2.293900 ms  DeleteObjects: 1.351300 ms)

========================================================================
Received Import Request.
  Time since last request: 219.667445 seconds.
  path: Assets/Scripts/TRPG/ScriptableObjects/PlayerPartyMemberSO.cs
  artifactKey: Guid(3b2c2bf8731ffd243941035ac57b1bdc) Importer(815301076,1909f56bfc062723c751e8b465ee728b)
Start importing Assets/Scripts/TRPG/ScriptableObjects/PlayerPartyMemberSO.cs using Guid(3b2c2bf8731ffd243941035ac57b1bdc) Importer(815301076,1909f56bfc062723c751e8b465ee728b)  -> (artifact id: '632635ed3fe2bb9982c2209cc7020354') in 0.015419 seconds
  Import took 0.993188 seconds .

========================================================================
Received Prepare
Registering precompiled user dll's ...
Registered in 0.001772 seconds.
Begin MonoManager ReloadAssembly
Native extension for WindowsStandalone target not found
Native extension for WebGL target not found
Refreshing native plugins compatible for Editor in 0.65 ms, found 0 plugins.
Preloading 0 native plugins for Editor in 0.00 ms.
Invoked RoslynAnalysisRunner static constructor.
RoslynAnalysisRunner will not be running.
RoslynAnalysisRunner has terminated.
Mono: successfully reloaded assembly
- Completed reload, in  1.206 seconds
Platform modules already initialized, skipping
Shader 'Universal Render Pipeline/Particles/Lit': fallback shader 'Universal Render Pipeline/Particles/SimpleLit' not found
Refreshing native plugins compatible for Editor in 0.62 ms, found 0 plugins.
Preloading 0 native plugins for Editor in 0.00 ms.
Unloading 3288 Unused Serialized files (Serialized files now loaded: 0)
System memory in use before: 159.7 MB.
System memory in use after: 158.0 MB.

Unloading 38 unused Assets to reduce memory usage. Loaded Objects now: 3858.
Total: 5.561600 ms (FindLiveObjects: 0.464200 ms CreateObjectMapping: 0.096100 ms MarkObjects: 3.395000 ms  DeleteObjects: 1.604900 ms)

========================================================================
Received Prepare
Registering precompiled user dll's ...
Registered in 0.001868 seconds.
Begin MonoManager ReloadAssembly
Native extension for WindowsStandalone target not found
Native extension for WebGL target not found
Refreshing native plugins compatible for Editor in 0.64 ms, found 0 plugins.
Preloading 0 native plugins for Editor in 0.00 ms.
Invoked RoslynAnalysisRunner static constructor.
RoslynAnalysisRunner will not be running.
RoslynAnalysisRunner has terminated.
Mono: successfully reloaded assembly
- Completed reload, in  1.225 seconds
Platform modules already initialized, skipping
Shader 'Universal Render Pipeline/Particles/Lit': fallback shader 'Universal Render Pipeline/Particles/SimpleLit' not found
Refreshing native plugins compatible for Editor in 0.63 ms, found 0 plugins.
Preloading 0 native plugins for Editor in 0.00 ms.
Unloading 3288 Unused Serialized files (Serialized files now loaded: 0)
System memory in use before: 158.8 MB.
System memory in use after: 157.0 MB.

Unloading 38 unused Assets to reduce memory usage. Loaded Objects now: 3860.
Total: 4.772900 ms (FindLiveObjects: 0.639900 ms CreateObjectMapping: 0.204000 ms MarkObjects: 2.543900 ms  DeleteObjects: 1.383000 ms)

========================================================================
Received Import Request.
  Time since last request: 398.924373 seconds.
  path: Assets/Prefabs/TTRPG/Player Battle Object.prefab
  artifactKey: Guid(f17f1f32b842256499a8a2f8e4f9e5b2) Importer(815301076,1909f56bfc062723c751e8b465ee728b)
Start importing Assets/Prefabs/TTRPG/Player Battle Object.prefab using Guid(f17f1f32b842256499a8a2f8e4f9e5b2) Importer(815301076,1909f56bfc062723c751e8b465ee728b)  -> (artifact id: 'f736941af63b10f7efbe878187f8a47a') in 3.127682 seconds
  Import took 3.147276 seconds .

========================================================================
Received Prepare
Registering precompiled user dll's ...
Registered in 0.002166 seconds.
Begin MonoManager ReloadAssembly
Native extension for WindowsStandalone target not found
Native extension for WebGL target not found
Refreshing native plugins compatible for Editor in 0.63 ms, found 0 plugins.
Preloading 0 native plugins for Editor in 0.00 ms.
Invoked RoslynAnalysisRunner static constructor.
RoslynAnalysisRunner will not be running.
RoslynAnalysisRunner has terminated.
Mono: successfully reloaded assembly
- Completed reload, in  1.252 seconds
Platform modules already initialized, skipping
Shader 'Universal Render Pipeline/Particles/Lit': fallback shader 'Universal Render Pipeline/Particles/SimpleLit' not found
Refreshing native plugins compatible for Editor in 0.63 ms, found 0 plugins.
Preloading 0 native plugins for Editor in 0.00 ms.
Unloading 3288 Unused Serialized files (Serialized files now loaded: 0)
System memory in use before: 175.1 MB.
System memory in use after: 173.4 MB.

Unloading 38 unused Assets to reduce memory usage. Loaded Objects now: 3908.
Total: 4.625400 ms (FindLiveObjects: 0.560700 ms CreateObjectMapping: 0.138100 ms MarkObjects: 2.640800 ms  DeleteObjects: 1.284500 ms)

========================================================================
Received Prepare
Registering precompiled user dll's ...
Registered in 0.001822 seconds.
Begin MonoManager ReloadAssembly
Native extension for WindowsStandalone target not found
Native extension for WebGL target not found
Refreshing native plugins compatible for Editor in 0.65 ms, found 0 plugins.
Preloading 0 native plugins for Editor in 0.00 ms.
Invoked RoslynAnalysisRunner static constructor.
RoslynAnalysisRunner will not be running.
RoslynAnalysisRunner has terminated.
Mono: successfully reloaded assembly
- Completed reload, in  1.296 seconds
Platform modules already initialized, skipping
Shader 'Universal Render Pipeline/Particles/Lit': fallback shader 'Universal Render Pipeline/Particles/SimpleLit' not found
Refreshing native plugins compatible for Editor in 0.61 ms, found 0 plugins.
Preloading 0 native plugins for Editor in 0.00 ms.
Unloading 3288 Unused Serialized files (Serialized files now loaded: 0)
System memory in use before: 175.1 MB.
System memory in use after: 173.4 MB.

Unloading 38 unused Assets to reduce memory usage. Loaded Objects now: 3910.
Total: 5.040800 ms (FindLiveObjects: 0.531500 ms CreateObjectMapping: 0.133300 ms MarkObjects: 2.869400 ms  DeleteObjects: 1.505200 ms)

========================================================================
Received Prepare
Registering precompiled user dll's ...
Registered in 0.001726 seconds.
Begin MonoManager ReloadAssembly
Native extension for WindowsStandalone target not found
Native extension for WebGL target not found
Refreshing native plugins compatible for Editor in 0.70 ms, found 0 plugins.
Preloading 0 native plugins for Editor in 0.00 ms.
Invoked RoslynAnalysisRunner static constructor.
RoslynAnalysisRunner will not be running.
RoslynAnalysisRunner has terminated.
Mono: successfully reloaded assembly
- Completed reload, in  1.389 seconds
Platform modules already initialized, skipping
Shader 'Universal Render Pipeline/Particles/Lit': fallback shader 'Universal Render Pipeline/Particles/SimpleLit' not found
Refreshing native plugins compatible for Editor in 0.93 ms, found 0 plugins.
Preloading 0 native plugins for Editor in 0.00 ms.
Unloading 3289 Unused Serialized files (Serialized files now loaded: 0)
System memory in use before: 175.2 MB.
System memory in use after: 173.4 MB.

Unloading 38 unused Assets to reduce memory usage. Loaded Objects now: 3913.
Total: 6.871300 ms (FindLiveObjects: 0.977600 ms CreateObjectMapping: 0.595700 ms MarkObjects: 3.781900 ms  DeleteObjects: 1.513700 ms)

========================================================================
Received Prepare
Registering precompiled user dll's ...
Registered in 0.001733 seconds.
Begin MonoManager ReloadAssembly
Native extension for WindowsStandalone target not found
Native extension for WebGL target not found
Refreshing native plugins compatible for Editor in 0.63 ms, found 0 plugins.
Preloading 0 native plugins for Editor in 0.00 ms.
Invoked RoslynAnalysisRunner static constructor.
RoslynAnalysisRunner will not be running.
RoslynAnalysisRunner has terminated.
Mono: successfully reloaded assembly
- Completed reload, in  1.286 seconds
Platform modules already initialized, skipping
Shader 'Universal Render Pipeline/Particles/Lit': fallback shader 'Universal Render Pipeline/Particles/SimpleLit' not found
Refreshing native plugins compatible for Editor in 1.01 ms, found 0 plugins.
Preloading 0 native plugins for Editor in 0.00 ms.
Unloading 3289 Unused Serialized files (Serialized files now loaded: 0)
System memory in use before: 175.1 MB.
System memory in use after: 173.4 MB.

Unloading 38 unused Assets to reduce memory usage. Loaded Objects now: 3915.
Total: 5.172200 ms (FindLiveObjects: 0.668900 ms CreateObjectMapping: 0.243400 ms MarkObjects: 2.717300 ms  DeleteObjects: 1.540500 ms)

========================================================================
Received Prepare
Registering precompiled user dll's ...
Registered in 0.001664 seconds.
Begin MonoManager ReloadAssembly
Native extension for WindowsStandalone target not found
Native extension for WebGL target not found
Refreshing native plugins compatible for Editor in 0.78 ms, found 0 plugins.
Preloading 0 native plugins for Editor in 0.00 ms.
Invoked RoslynAnalysisRunner static constructor.
RoslynAnalysisRunner will not be running.
RoslynAnalysisRunner has terminated.
Mono: successfully reloaded assembly
- Completed reload, in  1.357 seconds
Platform modules already initialized, skipping
Shader 'Universal Render Pipeline/Particles/Lit': fallback shader 'Universal Render Pipeline/Particles/SimpleLit' not found
Refreshing native plugins compatible for Editor in 1.10 ms, found 0 plugins.
Preloading 0 native plugins for Editor in 0.00 ms.
Unloading 3290 Unused Serialized files (Serialized files now loaded: 0)
System memory in use before: 175.2 MB.
System memory in use after: 173.4 MB.

Unloading 38 unused Assets to reduce memory usage. Loaded Objects now: 3918.
Total: 5.484200 ms (FindLiveObjects: 0.612300 ms CreateObjectMapping: 0.212400 ms MarkObjects: 3.046800 ms  DeleteObjects: 1.610400 ms)

========================================================================
Received Prepare
Registering precompiled user dll's ...
Registered in 0.001654 seconds.
Begin MonoManager ReloadAssembly
Native extension for WindowsStandalone target not found
Native extension for WebGL target not found
Refreshing native plugins compatible for Editor in 0.62 ms, found 0 plugins.
Preloading 0 native plugins for Editor in 0.00 ms.
Invoked RoslynAnalysisRunner static constructor.
RoslynAnalysisRunner will not be running.
RoslynAnalysisRunner has terminated.
Mono: successfully reloaded assembly
- Completed reload, in  1.240 seconds
Platform modules already initialized, skipping
Shader 'Universal Render Pipeline/Particles/Lit': fallback shader 'Universal Render Pipeline/Particles/SimpleLit' not found
Refreshing native plugins compatible for Editor in 0.61 ms, found 0 plugins.
Preloading 0 native plugins for Editor in 0.00 ms.
Unloading 3290 Unused Serialized files (Serialized files now loaded: 0)
System memory in use before: 175.2 MB.
System memory in use after: 173.5 MB.

Unloading 38 unused Assets to reduce memory usage. Loaded Objects now: 3920.
Total: 5.258200 ms (FindLiveObjects: 0.601300 ms CreateObjectMapping: 0.168400 ms MarkObjects: 2.972600 ms  DeleteObjects: 1.514400 ms)

========================================================================
Received Import Request.
  Time since last request: 291.929695 seconds.
  path: Assets/EnemyParty.cs
  artifactKey: Guid(54f97b0fed6aaec4ab633acd0000bd99) Importer(815301076,1909f56bfc062723c751e8b465ee728b)
Start importing Assets/EnemyParty.cs using Guid(54f97b0fed6aaec4ab633acd0000bd99) Importer(815301076,1909f56bfc062723c751e8b465ee728b)  -> (artifact id: 'f971b8c2694dffc410ee4e507cfc1445') in 0.010984 seconds
  Import took 0.016936 seconds .

========================================================================
Received Import Request.
  Time since last request: 1.748735 seconds.
  path: Assets/BattleStats.cs
  artifactKey: Guid(83ca559c97bf9364895e63cf0ddf95e4) Importer(815301076,1909f56bfc062723c751e8b465ee728b)
Start importing Assets/BattleStats.cs using Guid(83ca559c97bf9364895e63cf0ddf95e4) Importer(815301076,1909f56bfc062723c751e8b465ee728b)  -> (artifact id: 'b1d1a58b69ccc177c15932a90ab45597') in 0.007175 seconds
  Import took 0.025378 seconds .

========================================================================
Received Import Request.
  Time since last request: 2.437428 seconds.
  path: Assets/BattleStarter.cs
  artifactKey: Guid(11eac3ae2f7403442903318119ba7302) Importer(815301076,1909f56bfc062723c751e8b465ee728b)
Start importing Assets/BattleStarter.cs using Guid(11eac3ae2f7403442903318119ba7302) Importer(815301076,1909f56bfc062723c751e8b465ee728b)  -> (artifact id: 'a4acd1a60578a5d2bbb1e23b446a82d0') in 0.009126 seconds
  Import took 0.038420 seconds .

========================================================================
Received Prepare
Registering precompiled user dll's ...
Registered in 0.001880 seconds.
Begin MonoManager ReloadAssembly
Native extension for WindowsStandalone target not found
Native extension for WebGL target not found
Refreshing native plugins compatible for Editor in 0.70 ms, found 0 plugins.
Preloading 0 native plugins for Editor in 0.00 ms.
Invoked RoslynAnalysisRunner static constructor.
RoslynAnalysisRunner will not be running.
RoslynAnalysisRunner has terminated.
Mono: successfully reloaded assembly
- Completed reload, in  1.346 seconds
Platform modules already initialized, skipping
Shader 'Universal Render Pipeline/Particles/Lit': fallback shader 'Universal Render Pipeline/Particles/SimpleLit' not found
Refreshing native plugins compatible for Editor in 0.68 ms, found 0 plugins.
Preloading 0 native plugins for Editor in 0.00 ms.
Unloading 3290 Unused Serialized files (Serialized files now loaded: 0)
System memory in use before: 175.2 MB.
System memory in use after: 173.5 MB.

Unloading 38 unused Assets to reduce memory usage. Loaded Objects now: 3922.
Total: 4.932700 ms (FindLiveObjects: 0.381800 ms CreateObjectMapping: 0.098800 ms MarkObjects: 3.021300 ms  DeleteObjects: 1.429100 ms)

========================================================================
Received Prepare
Registering precompiled user dll's ...
Registered in 0.002602 seconds.
Begin MonoManager ReloadAssembly
Native extension for WindowsStandalone target not found
Native extension for WebGL target not found
Refreshing native plugins compatible for Editor in 0.95 ms, found 0 plugins.
Preloading 0 native plugins for Editor in 0.00 ms.
Invoked RoslynAnalysisRunner static constructor.
RoslynAnalysisRunner will not be running.
RoslynAnalysisRunner has terminated.
Mono: successfully reloaded assembly
- Completed reload, in  1.226 seconds
Platform modules already initialized, skipping
Shader 'Universal Render Pipeline/Particles/Lit': fallback shader 'Universal Render Pipeline/Particles/SimpleLit' not found
Refreshing native plugins compatible for Editor in 0.65 ms, found 0 plugins.
Preloading 0 native plugins for Editor in 0.00 ms.
Unloading 3290 Unused Serialized files (Serialized files now loaded: 0)
System memory in use before: 175.2 MB.
System memory in use after: 173.5 MB.

Unloading 38 unused Assets to reduce memory usage. Loaded Objects now: 3924.
Total: 4.847000 ms (FindLiveObjects: 0.630800 ms CreateObjectMapping: 0.251000 ms MarkObjects: 2.534700 ms  DeleteObjects: 1.428200 ms)

========================================================================
Received Prepare
Registering precompiled user dll's ...
Registered in 0.001831 seconds.
Begin MonoManager ReloadAssembly
Native extension for WindowsStandalone target not found
Native extension for WebGL target not found
Refreshing native plugins compatible for Editor in 0.67 ms, found 0 plugins.
Preloading 0 native plugins for Editor in 0.00 ms.
Invoked RoslynAnalysisRunner static constructor.
RoslynAnalysisRunner will not be running.
RoslynAnalysisRunner has terminated.
Mono: successfully reloaded assembly
- Completed reload, in  1.323 seconds
Platform modules already initialized, skipping
Shader 'Universal Render Pipeline/Particles/Lit': fallback shader 'Universal Render Pipeline/Particles/SimpleLit' not found
Refreshing native plugins compatible for Editor in 0.68 ms, found 0 plugins.
Preloading 0 native plugins for Editor in 0.00 ms.
Unloading 3290 Unused Serialized files (Serialized files now loaded: 0)
System memory in use before: 175.2 MB.
System memory in use after: 173.5 MB.

Unloading 38 unused Assets to reduce memory usage. Loaded Objects now: 3926.
Total: 5.383100 ms (FindLiveObjects: 0.403500 ms CreateObjectMapping: 0.105800 ms MarkObjects: 3.305100 ms  DeleteObjects: 1.566300 ms)

========================================================================
Received Prepare
Registering precompiled user dll's ...
Registered in 0.001813 seconds.
Begin MonoManager ReloadAssembly
Native extension for WindowsStandalone target not found
Native extension for WebGL target not found
Refreshing native plugins compatible for Editor in 0.68 ms, found 0 plugins.
Preloading 0 native plugins for Editor in 0.00 ms.
Invoked RoslynAnalysisRunner static constructor.
RoslynAnalysisRunner will not be running.
RoslynAnalysisRunner has terminated.
Mono: successfully reloaded assembly
- Completed reload, in  1.525 seconds
Platform modules already initialized, skipping
Shader 'Universal Render Pipeline/Particles/Lit': fallback shader 'Universal Render Pipeline/Particles/SimpleLit' not found
Refreshing native plugins compatible for Editor in 0.64 ms, found 0 plugins.
Preloading 0 native plugins for Editor in 0.00 ms.
Unloading 3291 Unused Serialized files (Serialized files now loaded: 0)
System memory in use before: 175.2 MB.
System memory in use after: 173.5 MB.

Unloading 38 unused Assets to reduce memory usage. Loaded Objects now: 3929.
Total: 4.900600 ms (FindLiveObjects: 0.454200 ms CreateObjectMapping: 0.101600 ms MarkObjects: 2.716400 ms  DeleteObjects: 1.627100 ms)

========================================================================
Received Prepare
Registering precompiled user dll's ...
Registered in 0.001666 seconds.
Begin MonoManager ReloadAssembly
Native extension for WindowsStandalone target not found
Native extension for WebGL target not found
Refreshing native plugins compatible for Editor in 0.63 ms, found 0 plugins.
Preloading 0 native plugins for Editor in 0.00 ms.
Invoked RoslynAnalysisRunner static constructor.
RoslynAnalysisRunner will not be running.
RoslynAnalysisRunner has terminated.
Mono: successfully reloaded assembly
- Completed reload, in  1.217 seconds
Platform modules already initialized, skipping
Shader 'Universal Render Pipeline/Particles/Lit': fallback shader 'Universal Render Pipeline/Particles/SimpleLit' not found
Refreshing native plugins compatible for Editor in 0.63 ms, found 0 plugins.
Preloading 0 native plugins for Editor in 0.00 ms.
Unloading 3291 Unused Serialized files (Serialized files now loaded: 0)
System memory in use before: 175.3 MB.
System memory in use after: 173.5 MB.

Unloading 38 unused Assets to reduce memory usage. Loaded Objects now: 3931.
Total: 3.996800 ms (FindLiveObjects: 0.352500 ms CreateObjectMapping: 0.086500 ms MarkObjects: 2.175700 ms  DeleteObjects: 1.381200 ms)

========================================================================
Received Import Request.
  Time since last request: 18330.734331 seconds.
  path: Assets/InteractionController.cs
  artifactKey: Guid(278a2d77c63050d4fbfcfa9f448092dd) Importer(815301076,1909f56bfc062723c751e8b465ee728b)
Start importing Assets/InteractionController.cs using Guid(278a2d77c63050d4fbfcfa9f448092dd) Importer(815301076,1909f56bfc062723c751e8b465ee728b)  -> (artifact id: '2cb181bf53a3098f6411dfaa2289a623') in 0.014989 seconds
  Import took 0.022689 seconds .

========================================================================
Received Prepare
Registering precompiled user dll's ...
Registered in 0.001771 seconds.
Begin MonoManager ReloadAssembly
Native extension for WindowsStandalone target not found
Native extension for WebGL target not found
Refreshing native plugins compatible for Editor in 0.64 ms, found 0 plugins.
Preloading 0 native plugins for Editor in 0.00 ms.
Invoked RoslynAnalysisRunner static constructor.
RoslynAnalysisRunner will not be running.
RoslynAnalysisRunner has terminated.
Mono: successfully reloaded assembly
- Completed reload, in  1.303 seconds
Platform modules already initialized, skipping
Shader 'Universal Render Pipeline/Particles/Lit': fallback shader 'Universal Render Pipeline/Particles/SimpleLit' not found
Refreshing native plugins compatible for Editor in 0.63 ms, found 0 plugins.
Preloading 0 native plugins for Editor in 0.00 ms.
Unloading 3290 Unused Serialized files (Serialized files now loaded: 0)
System memory in use before: 175.2 MB.
System memory in use after: 173.5 MB.

Unloading 39 unused Assets to reduce memory usage. Loaded Objects now: 3932.
Total: 4.709000 ms (FindLiveObjects: 0.446300 ms CreateObjectMapping: 0.101800 ms MarkObjects: 2.672300 ms  DeleteObjects: 1.486900 ms)

========================================================================
Received Prepare
Registering precompiled user dll's ...
Registered in 0.001691 seconds.
Begin MonoManager ReloadAssembly
Native extension for WindowsStandalone target not found
Native extension for WebGL target not found
Refreshing native plugins compatible for Editor in 0.62 ms, found 0 plugins.
Preloading 0 native plugins for Editor in 0.00 ms.
Invoked RoslynAnalysisRunner static constructor.
RoslynAnalysisRunner will not be running.
RoslynAnalysisRunner has terminated.
Mono: successfully reloaded assembly
- Completed reload, in  1.202 seconds
Platform modules already initialized, skipping
Shader 'Universal Render Pipeline/Particles/Lit': fallback shader 'Universal Render Pipeline/Particles/SimpleLit' not found
Refreshing native plugins compatible for Editor in 0.64 ms, found 0 plugins.
Preloading 0 native plugins for Editor in 0.00 ms.
Unloading 3290 Unused Serialized files (Serialized files now loaded: 0)
System memory in use before: 175.2 MB.
System memory in use after: 173.5 MB.

Unloading 38 unused Assets to reduce memory usage. Loaded Objects now: 3934.
Total: 4.548200 ms (FindLiveObjects: 0.507900 ms CreateObjectMapping: 0.126700 ms MarkObjects: 2.458400 ms  DeleteObjects: 1.453700 ms)

========================================================================
Received Prepare
Registering precompiled user dll's ...
Registered in 0.002323 seconds.
Begin MonoManager ReloadAssembly
Native extension for WindowsStandalone target not found
Native extension for WebGL target not found
Refreshing native plugins compatible for Editor in 0.62 ms, found 0 plugins.
Preloading 0 native plugins for Editor in 0.00 ms.
Invoked RoslynAnalysisRunner static constructor.
RoslynAnalysisRunner will not be running.
RoslynAnalysisRunner has terminated.
Mono: successfully reloaded assembly
- Completed reload, in  1.234 seconds
Platform modules already initialized, skipping
Shader 'Universal Render Pipeline/Particles/Lit': fallback shader 'Universal Render Pipeline/Particles/SimpleLit' not found
Refreshing native plugins compatible for Editor in 0.60 ms, found 0 plugins.
Preloading 0 native plugins for Editor in 0.00 ms.
Unloading 3290 Unused Serialized files (Serialized files now loaded: 0)
System memory in use before: 175.3 MB.
System memory in use after: 173.5 MB.

Unloading 38 unused Assets to reduce memory usage. Loaded Objects now: 3936.
Total: 4.686200 ms (FindLiveObjects: 0.448300 ms CreateObjectMapping: 0.134100 ms MarkObjects: 2.634200 ms  DeleteObjects: 1.468000 ms)

========================================================================
Received Prepare
Registering precompiled user dll's ...
Registered in 0.001836 seconds.
Begin MonoManager ReloadAssembly
Native extension for WindowsStandalone target not found
Native extension for WebGL target not found
Refreshing native plugins compatible for Editor in 0.71 ms, found 0 plugins.
Preloading 0 native plugins for Editor in 0.00 ms.
Invoked RoslynAnalysisRunner static constructor.
RoslynAnalysisRunner will not be running.
RoslynAnalysisRunner has terminated.
Mono: successfully reloaded assembly
- Completed reload, in  1.332 seconds
Platform modules already initialized, skipping
Shader 'Universal Render Pipeline/Particles/Lit': fallback shader 'Universal Render Pipeline/Particles/SimpleLit' not found
Refreshing native plugins compatible for Editor in 0.64 ms, found 0 plugins.
Preloading 0 native plugins for Editor in 0.00 ms.
Unloading 3290 Unused Serialized files (Serialized files now loaded: 0)
System memory in use before: 175.3 MB.
System memory in use after: 173.5 MB.

Unloading 38 unused Assets to reduce memory usage. Loaded Objects now: 3938.
Total: 4.596400 ms (FindLiveObjects: 0.476200 ms CreateObjectMapping: 0.090600 ms MarkObjects: 2.592800 ms  DeleteObjects: 1.434500 ms)

========================================================================
Received Prepare
Registering precompiled user dll's ...
Registered in 0.001690 seconds.
Begin MonoManager ReloadAssembly
Native extension for WindowsStandalone target not found
Native extension for WebGL target not found
Refreshing native plugins compatible for Editor in 0.63 ms, found 0 plugins.
Preloading 0 native plugins for Editor in 0.00 ms.
Invoked RoslynAnalysisRunner static constructor.
RoslynAnalysisRunner will not be running.
RoslynAnalysisRunner has terminated.
Mono: successfully reloaded assembly
- Completed reload, in  1.231 seconds
Platform modules already initialized, skipping
Shader 'Universal Render Pipeline/Particles/Lit': fallback shader 'Universal Render Pipeline/Particles/SimpleLit' not found
Refreshing native plugins compatible for Editor in 0.71 ms, found 0 plugins.
Preloading 0 native plugins for Editor in 0.00 ms.
Unloading 3290 Unused Serialized files (Serialized files now loaded: 0)
System memory in use before: 175.2 MB.
System memory in use after: 173.5 MB.

Unloading 38 unused Assets to reduce memory usage. Loaded Objects now: 3940.
Total: 4.714900 ms (FindLiveObjects: 0.496700 ms CreateObjectMapping: 0.113200 ms MarkObjects: 2.639800 ms  DeleteObjects: 1.463200 ms)

========================================================================
Received Prepare
Registering precompiled user dll's ...
Registered in 0.001724 seconds.
Begin MonoManager ReloadAssembly
Native extension for WindowsStandalone target not found
Native extension for WebGL target not found
Refreshing native plugins compatible for Editor in 0.78 ms, found 0 plugins.
Preloading 0 native plugins for Editor in 0.00 ms.
Invoked RoslynAnalysisRunner static constructor.
RoslynAnalysisRunner will not be running.
RoslynAnalysisRunner has terminated.
Mono: successfully reloaded assembly
- Completed reload, in  1.230 seconds
Platform modules already initialized, skipping
Shader 'Universal Render Pipeline/Particles/Lit': fallback shader 'Universal Render Pipeline/Particles/SimpleLit' not found
Refreshing native plugins compatible for Editor in 0.60 ms, found 0 plugins.
Preloading 0 native plugins for Editor in 0.00 ms.
Unloading 3290 Unused Serialized files (Serialized files now loaded: 0)
System memory in use before: 175.3 MB.
System memory in use after: 173.5 MB.

Unloading 38 unused Assets to reduce memory usage. Loaded Objects now: 3942.
Total: 4.516700 ms (FindLiveObjects: 0.407600 ms CreateObjectMapping: 0.093800 ms MarkObjects: 2.577000 ms  DeleteObjects: 1.436500 ms)

========================================================================
Received Prepare
Registering precompiled user dll's ...
Registered in 0.001730 seconds.
Begin MonoManager ReloadAssembly
Native extension for WindowsStandalone target not found
Native extension for WebGL target not found
Refreshing native plugins compatible for Editor in 0.63 ms, found 0 plugins.
Preloading 0 native plugins for Editor in 0.00 ms.
Invoked RoslynAnalysisRunner static constructor.
RoslynAnalysisRunner will not be running.
RoslynAnalysisRunner has terminated.
Mono: successfully reloaded assembly
- Completed reload, in  1.226 seconds
Platform modules already initialized, skipping
Shader 'Universal Render Pipeline/Particles/Lit': fallback shader 'Universal Render Pipeline/Particles/SimpleLit' not found
Refreshing native plugins compatible for Editor in 0.66 ms, found 0 plugins.
Preloading 0 native plugins for Editor in 0.00 ms.
Unloading 3290 Unused Serialized files (Serialized files now loaded: 0)
System memory in use before: 175.3 MB.
System memory in use after: 173.5 MB.

Unloading 38 unused Assets to reduce memory usage. Loaded Objects now: 3944.
Total: 4.948100 ms (FindLiveObjects: 0.430700 ms CreateObjectMapping: 0.121900 ms MarkObjects: 2.813900 ms  DeleteObjects: 1.579800 ms)

========================================================================
Received Prepare
Registering precompiled user dll's ...
Registered in 0.001690 seconds.
Begin MonoManager ReloadAssembly
Native extension for WindowsStandalone target not found
Native extension for WebGL target not found
Refreshing native plugins compatible for Editor in 0.63 ms, found 0 plugins.
Preloading 0 native plugins for Editor in 0.00 ms.
Invoked RoslynAnalysisRunner static constructor.
RoslynAnalysisRunner will not be running.
RoslynAnalysisRunner has terminated.
Mono: successfully reloaded assembly
- Completed reload, in  1.237 seconds
Platform modules already initialized, skipping
Shader 'Universal Render Pipeline/Particles/Lit': fallback shader 'Universal Render Pipeline/Particles/SimpleLit' not found
Refreshing native plugins compatible for Editor in 0.60 ms, found 0 plugins.
Preloading 0 native plugins for Editor in 0.00 ms.
Unloading 3290 Unused Serialized files (Serialized files now loaded: 0)
System memory in use before: 175.3 MB.
System memory in use after: 173.5 MB.

Unloading 38 unused Assets to reduce memory usage. Loaded Objects now: 3946.
Total: 5.216400 ms (FindLiveObjects: 0.407100 ms CreateObjectMapping: 0.093800 ms MarkObjects: 3.012100 ms  DeleteObjects: 1.701600 ms)

========================================================================
Received Prepare
Registering precompiled user dll's ...
Registered in 0.001722 seconds.
Begin MonoManager ReloadAssembly
Native extension for WindowsStandalone target not found
Native extension for WebGL target not found
Refreshing native plugins compatible for Editor in 0.74 ms, found 0 plugins.
Preloading 0 native plugins for Editor in 0.00 ms.
Invoked RoslynAnalysisRunner static constructor.
RoslynAnalysisRunner will not be running.
RoslynAnalysisRunner has terminated.
Mono: successfully reloaded assembly
- Completed reload, in  1.234 seconds
Platform modules already initialized, skipping
Shader 'Universal Render Pipeline/Particles/Lit': fallback shader 'Universal Render Pipeline/Particles/SimpleLit' not found
Refreshing native plugins compatible for Editor in 0.63 ms, found 0 plugins.
Preloading 0 native plugins for Editor in 0.00 ms.
Unloading 3290 Unused Serialized files (Serialized files now loaded: 0)
System memory in use before: 175.3 MB.
System memory in use after: 173.5 MB.

Unloading 38 unused Assets to reduce memory usage. Loaded Objects now: 3948.
Total: 4.175200 ms (FindLiveObjects: 0.362000 ms CreateObjectMapping: 0.089200 ms MarkObjects: 2.275800 ms  DeleteObjects: 1.446100 ms)

========================================================================
Received Prepare
Registering precompiled user dll's ...
Registered in 0.001729 seconds.
Begin MonoManager ReloadAssembly
Native extension for WindowsStandalone target not found
Native extension for WebGL target not found
Refreshing native plugins compatible for Editor in 0.66 ms, found 0 plugins.
Preloading 0 native plugins for Editor in 0.00 ms.
Invoked RoslynAnalysisRunner static constructor.
RoslynAnalysisRunner will not be running.
RoslynAnalysisRunner has terminated.
Mono: successfully reloaded assembly
- Completed reload, in  1.265 seconds
Platform modules already initialized, skipping
Shader 'Universal Render Pipeline/Particles/Lit': fallback shader 'Universal Render Pipeline/Particles/SimpleLit' not found
Refreshing native plugins compatible for Editor in 0.69 ms, found 0 plugins.
Preloading 0 native plugins for Editor in 0.00 ms.
Unloading 3290 Unused Serialized files (Serialized files now loaded: 0)
System memory in use before: 175.3 MB.
System memory in use after: 173.6 MB.

Unloading 38 unused Assets to reduce memory usage. Loaded Objects now: 3950.
Total: 5.001900 ms (FindLiveObjects: 0.408500 ms CreateObjectMapping: 0.100400 ms MarkObjects: 2.885900 ms  DeleteObjects: 1.605400 ms)

========================================================================
Received Prepare
Registering precompiled user dll's ...
Registered in 0.001774 seconds.
Begin MonoManager ReloadAssembly
Native extension for WindowsStandalone target not found
Native extension for WebGL target not found
Refreshing native plugins compatible for Editor in 0.62 ms, found 0 plugins.
Preloading 0 native plugins for Editor in 0.00 ms.
Invoked RoslynAnalysisRunner static constructor.
RoslynAnalysisRunner will not be running.
RoslynAnalysisRunner has terminated.
Mono: successfully reloaded assembly
- Completed reload, in  1.248 seconds
Platform modules already initialized, skipping
Shader 'Universal Render Pipeline/Particles/Lit': fallback shader 'Universal Render Pipeline/Particles/SimpleLit' not found
Refreshing native plugins compatible for Editor in 0.65 ms, found 0 plugins.
Preloading 0 native plugins for Editor in 0.00 ms.
Unloading 3290 Unused Serialized files (Serialized files now loaded: 0)
System memory in use before: 175.3 MB.
System memory in use after: 173.6 MB.

Unloading 38 unused Assets to reduce memory usage. Loaded Objects now: 3952.
Total: 4.220300 ms (FindLiveObjects: 0.397100 ms CreateObjectMapping: 0.094000 ms MarkObjects: 2.324300 ms  DeleteObjects: 1.403900 ms)

========================================================================
Received Prepare
Registering precompiled user dll's ...
Registered in 0.002142 seconds.
Begin MonoManager ReloadAssembly
Native extension for WindowsStandalone target not found
Native extension for WebGL target not found
Refreshing native plugins compatible for Editor in 1.05 ms, found 0 plugins.
Preloading 0 native plugins for Editor in 0.00 ms.
Invoked RoslynAnalysisRunner static constructor.
RoslynAnalysisRunner will not be running.
RoslynAnalysisRunner has terminated.
Mono: successfully reloaded assembly
- Completed reload, in  1.403 seconds
Platform modules already initialized, skipping
Shader 'Universal Render Pipeline/Particles/Lit': fallback shader 'Universal Render Pipeline/Particles/SimpleLit' not found
Refreshing native plugins compatible for Editor in 0.70 ms, found 0 plugins.
Preloading 0 native plugins for Editor in 0.00 ms.
Unloading 3290 Unused Serialized files (Serialized files now loaded: 0)
System memory in use before: 175.3 MB.
System memory in use after: 173.6 MB.

Unloading 38 unused Assets to reduce memory usage. Loaded Objects now: 3954.
Total: 4.955800 ms (FindLiveObjects: 0.531900 ms CreateObjectMapping: 0.106800 ms MarkObjects: 2.821200 ms  DeleteObjects: 1.493800 ms)

========================================================================
Received Prepare
Registering precompiled user dll's ...
Registered in 0.001823 seconds.
Begin MonoManager ReloadAssembly
Native extension for WindowsStandalone target not found
Native extension for WebGL target not found
Refreshing native plugins compatible for Editor in 0.63 ms, found 0 plugins.
Preloading 0 native plugins for Editor in 0.00 ms.
Invoked RoslynAnalysisRunner static constructor.
RoslynAnalysisRunner will not be running.
RoslynAnalysisRunner has terminated.
Mono: successfully reloaded assembly
- Completed reload, in  1.410 seconds
Platform modules already initialized, skipping
Shader 'Universal Render Pipeline/Particles/Lit': fallback shader 'Universal Render Pipeline/Particles/SimpleLit' not found
Refreshing native plugins compatible for Editor in 0.63 ms, found 0 plugins.
Preloading 0 native plugins for Editor in 0.00 ms.
Unloading 3290 Unused Serialized files (Serialized files now loaded: 0)
System memory in use before: 175.3 MB.
System memory in use after: 173.6 MB.

Unloading 38 unused Assets to reduce memory usage. Loaded Objects now: 3956.
Total: 4.656300 ms (FindLiveObjects: 0.506500 ms CreateObjectMapping: 0.130800 ms MarkObjects: 2.544700 ms  DeleteObjects: 1.472900 ms)

========================================================================
Received Prepare
Registering precompiled user dll's ...
Registered in 0.001708 seconds.
Begin MonoManager ReloadAssembly
Native extension for WindowsStandalone target not found
Native extension for WebGL target not found
Refreshing native plugins compatible for Editor in 0.75 ms, found 0 plugins.
Preloading 0 native plugins for Editor in 0.00 ms.
Invoked RoslynAnalysisRunner static constructor.
RoslynAnalysisRunner will not be running.
RoslynAnalysisRunner has terminated.
Mono: successfully reloaded assembly
- Completed reload, in  1.261 seconds
Platform modules already initialized, skipping
Shader 'Universal Render Pipeline/Particles/Lit': fallback shader 'Universal Render Pipeline/Particles/SimpleLit' not found
Refreshing native plugins compatible for Editor in 0.63 ms, found 0 plugins.
Preloading 0 native plugins for Editor in 0.00 ms.
Unloading 3290 Unused Serialized files (Serialized files now loaded: 0)
System memory in use before: 175.3 MB.
System memory in use after: 173.6 MB.

Unloading 38 unused Assets to reduce memory usage. Loaded Objects now: 3958.
Total: 4.546400 ms (FindLiveObjects: 0.413000 ms CreateObjectMapping: 0.095500 ms MarkObjects: 2.631900 ms  DeleteObjects: 1.404600 ms)

========================================================================
Received Prepare
Registering precompiled user dll's ...
Registered in 0.001775 seconds.
Begin MonoManager ReloadAssembly
Native extension for WindowsStandalone target not found
Native extension for WebGL target not found
Refreshing native plugins compatible for Editor in 0.63 ms, found 0 plugins.
Preloading 0 native plugins for Editor in 0.00 ms.
Invoked RoslynAnalysisRunner static constructor.
RoslynAnalysisRunner will not be running.
RoslynAnalysisRunner has terminated.
Mono: successfully reloaded assembly
- Completed reload, in  1.230 seconds
Platform modules already initialized, skipping
Shader 'Universal Render Pipeline/Particles/Lit': fallback shader 'Universal Render Pipeline/Particles/SimpleLit' not found
Refreshing native plugins compatible for Editor in 0.62 ms, found 0 plugins.
Preloading 0 native plugins for Editor in 0.00 ms.
Unloading 3290 Unused Serialized files (Serialized files now loaded: 0)
System memory in use before: 175.3 MB.
System memory in use after: 173.6 MB.

Unloading 38 unused Assets to reduce memory usage. Loaded Objects now: 3960.
Total: 4.319800 ms (FindLiveObjects: 0.448700 ms CreateObjectMapping: 0.092100 ms MarkObjects: 2.365100 ms  DeleteObjects: 1.412700 ms)

========================================================================
Received Prepare
Registering precompiled user dll's ...
Registered in 0.001728 seconds.
Begin MonoManager ReloadAssembly
Native extension for WindowsStandalone target not found
Native extension for WebGL target not found
Refreshing native plugins compatible for Editor in 0.63 ms, found 0 plugins.
Preloading 0 native plugins for Editor in 0.00 ms.
Invoked RoslynAnalysisRunner static constructor.
RoslynAnalysisRunner will not be running.
RoslynAnalysisRunner has terminated.
Mono: successfully reloaded assembly
- Completed reload, in  1.238 seconds
Platform modules already initialized, skipping
Shader 'Universal Render Pipeline/Particles/Lit': fallback shader 'Universal Render Pipeline/Particles/SimpleLit' not found
Refreshing native plugins compatible for Editor in 0.69 ms, found 0 plugins.
Preloading 0 native plugins for Editor in 0.00 ms.
Unloading 3290 Unused Serialized files (Serialized files now loaded: 0)
System memory in use before: 175.3 MB.
System memory in use after: 173.6 MB.

Unloading 38 unused Assets to reduce memory usage. Loaded Objects now: 3962.
Total: 4.423100 ms (FindLiveObjects: 0.427700 ms CreateObjectMapping: 0.097500 ms MarkObjects: 2.478600 ms  DeleteObjects: 1.417700 ms)

========================================================================
Received Prepare
Registering precompiled user dll's ...
Registered in 0.099955 seconds.
Begin MonoManager ReloadAssembly
Native extension for WindowsStandalone target not found
Native extension for WebGL target not found
Refreshing native plugins compatible for Editor in 0.62 ms, found 0 plugins.
Preloading 0 native plugins for Editor in 0.00 ms.
Invoked RoslynAnalysisRunner static constructor.
RoslynAnalysisRunner will not be running.
RoslynAnalysisRunner has terminated.
Mono: successfully reloaded assembly
- Completed reload, in  6.965 seconds
Platform modules already initialized, skipping
Shader 'Universal Render Pipeline/Particles/Lit': fallback shader 'Universal Render Pipeline/Particles/SimpleLit' not found
Refreshing native plugins compatible for Editor in 0.66 ms, found 0 plugins.
Preloading 0 native plugins for Editor in 0.00 ms.
Unloading 3290 Unused Serialized files (Serialized files now loaded: 0)
System memory in use before: 175.3 MB.
System memory in use after: 173.6 MB.

Unloading 38 unused Assets to reduce memory usage. Loaded Objects now: 3964.
Total: 4.327800 ms (FindLiveObjects: 0.419900 ms CreateObjectMapping: 0.094600 ms MarkObjects: 2.360200 ms  DeleteObjects: 1.451100 ms)

========================================================================
Received Import Request.
  Time since last request: 62519.324154 seconds.
  path: Assets/Scenes/Sample TRPG Scene.unity
  artifactKey: Guid(7c2331cec3659724bb383f1589aaf558) Importer(815301076,1909f56bfc062723c751e8b465ee728b)
Start importing Assets/Scenes/Sample TRPG Scene.unity using Guid(7c2331cec3659724bb383f1589aaf558) Importer(815301076,1909f56bfc062723c751e8b465ee728b)  -> (artifact id: 'bf074d2b2dfdfcb668f752d13d106e8c') in 0.040326 seconds
  Import took 0.047833 seconds .

========================================================================
Received Import Request.
  Time since last request: 0.049841 seconds.
  path: Assets/Scripts/TRPG/Gameplay/Party.cs
  artifactKey: Guid(0c6f0cc19bdf40b43ae99ae1775d9254) Importer(815301076,1909f56bfc062723c751e8b465ee728b)
Start importing Assets/Scripts/TRPG/Gameplay/Party.cs using Guid(0c6f0cc19bdf40b43ae99ae1775d9254) Importer(815301076,1909f56bfc062723c751e8b465ee728b)  -> (artifact id: '6b3fdcc60c413c5b2d6ca4cd49f62b31') in 0.007198 seconds
  Import took 0.012892 seconds .

========================================================================
Received Import Request.
  Time since last request: 0.023675 seconds.
  path: Assets/Scripts/TRPG/ScriptableObjects/EnemyPartyMember.cs
  artifactKey: Guid(b2b9cd84a85ec0443af3955ed6cf232d) Importer(815301076,1909f56bfc062723c751e8b465ee728b)
Start importing Assets/Scripts/TRPG/ScriptableObjects/EnemyPartyMember.cs using Guid(b2b9cd84a85ec0443af3955ed6cf232d) Importer(815301076,1909f56bfc062723c751e8b465ee728b)  -> (artifact id: '2c6ee378b0be398335d1df91c7cb869f') in 0.007932 seconds
  Import took 0.013699 seconds .

========================================================================
Received Import Request.
  Time since last request: 0.045022 seconds.
  path: Assets/Scripts/TRPG/Gameplay/EnemyParty.cs
  artifactKey: Guid(54f97b0fed6aaec4ab633acd0000bd99) Importer(815301076,1909f56bfc062723c751e8b465ee728b)
Start importing Assets/Scripts/TRPG/Gameplay/EnemyParty.cs using Guid(54f97b0fed6aaec4ab633acd0000bd99) Importer(815301076,1909f56bfc062723c751e8b465ee728b)  -> (artifact id: '98c67d279aff4bfc062ad59a84996ccf') in 0.007834 seconds
  Import took 0.022815 seconds .

========================================================================
Received Import Request.
  Time since last request: 0.024420 seconds.
  path: Assets/Scripts/TRPG/Gameplay/BattleStarter.cs
  artifactKey: Guid(11eac3ae2f7403442903318119ba7302) Importer(815301076,1909f56bfc062723c751e8b465ee728b)
Start importing Assets/Scripts/TRPG/Gameplay/BattleStarter.cs using Guid(11eac3ae2f7403442903318119ba7302) Importer(815301076,1909f56bfc062723c751e8b465ee728b)  -> (artifact id: '491a07a189ad266dc94673635b5970b1') in 0.006991 seconds
  Import took 0.012859 seconds .

========================================================================
Received Import Request.
  Time since last request: 0.017304 seconds.
  path: Assets/Scripts/TRPG/Gameplay/BattleArea.cs
  artifactKey: Guid(b91abf2b46516214a9e5954416ab435e) Importer(815301076,1909f56bfc062723c751e8b465ee728b)
Start importing Assets/Scripts/TRPG/Gameplay/BattleArea.cs using Guid(b91abf2b46516214a9e5954416ab435e) Importer(815301076,1909f56bfc062723c751e8b465ee728b)  -> (artifact id: '04d65921e33317ed2d3f3051d8a63b41') in 0.007974 seconds
  Import took 0.015039 seconds .

========================================================================
Received Import Request.
  Time since last request: 0.027464 seconds.
  path: Assets/Scripts/TRPG/PlayerMovement.cs
  artifactKey: Guid(bb8a934b91ff1e443b0e3f65e1338b2f) Importer(815301076,1909f56bfc062723c751e8b465ee728b)
Start importing Assets/Scripts/TRPG/PlayerMovement.cs using Guid(bb8a934b91ff1e443b0e3f65e1338b2f) Importer(815301076,1909f56bfc062723c751e8b465ee728b)  -> (artifact id: '603455e023a83ee3b382e819206d90cc') in 0.009815 seconds
  Import took 0.022823 seconds .

========================================================================
Received Prepare
Registering precompiled user dll's ...
Registered in 0.001814 seconds.
Begin MonoManager ReloadAssembly
Native extension for WindowsStandalone target not found
Native extension for WebGL target not found
Refreshing native plugins compatible for Editor in 0.64 ms, found 0 plugins.
Preloading 0 native plugins for Editor in 0.00 ms.
Invoked RoslynAnalysisRunner static constructor.
RoslynAnalysisRunner will not be running.
RoslynAnalysisRunner has terminated.
Mono: successfully reloaded assembly
- Completed reload, in  1.386 seconds
Platform modules already initialized, skipping
Shader 'Universal Render Pipeline/Particles/Lit': fallback shader 'Universal Render Pipeline/Particles/SimpleLit' not found
Refreshing native plugins compatible for Editor in 0.71 ms, found 0 plugins.
Preloading 0 native plugins for Editor in 0.00 ms.
Unloading 3282 Unused Serialized files (Serialized files now loaded: 0)
System memory in use before: 175.2 MB.
System memory in use after: 173.4 MB.

Unloading 46 unused Assets to reduce memory usage. Loaded Objects now: 3958.
Total: 4.878600 ms (FindLiveObjects: 0.588000 ms CreateObjectMapping: 0.122900 ms MarkObjects: 2.691100 ms  DeleteObjects: 1.474500 ms)

========================================================================
Received Import Request.
  Time since last request: 186.639432 seconds.
  path: Assets/Presets/Defaults/AlbedoTexture_Default.preset
  artifactKey: Guid(e8537455c6c08bd4e8bf0be3707da685) Importer(815301076,1909f56bfc062723c751e8b465ee728b)
Start importing Assets/Presets/Defaults/AlbedoTexture_Default.preset using Guid(e8537455c6c08bd4e8bf0be3707da685) Importer(815301076,1909f56bfc062723c751e8b465ee728b)  -> (artifact id: '59bf54c3b6197f1d18340ab78ae83592') in 0.034155 seconds
  Import took 0.039902 seconds .

========================================================================
Received Import Request.
  Time since last request: 0.000239 seconds.
  path: Assets/Presets/Defaults/AudioDecompressOnLoad.preset
  artifactKey: Guid(e7689051185d12f4298e1ebb2693a29f) Importer(815301076,1909f56bfc062723c751e8b465ee728b)
Start importing Assets/Presets/Defaults/AudioDecompressOnLoad.preset using Guid(e7689051185d12f4298e1ebb2693a29f) Importer(815301076,1909f56bfc062723c751e8b465ee728b)  -> (artifact id: '7d3d1fdb7a155f98181f9a5e0d50f236') in 0.011368 seconds
  Import took 0.017341 seconds .

========================================================================
Received Import Request.
  Time since last request: 0.000268 seconds.
  path: Assets/Presets/Defaults/DirectionalLight_Default.preset
  artifactKey: Guid(463065d4f17d1d94d848aa127b94dd43) Importer(815301076,1909f56bfc062723c751e8b465ee728b)
Start importing Assets/Presets/Defaults/DirectionalLight_Default.preset using Guid(463065d4f17d1d94d848aa127b94dd43) Importer(815301076,1909f56bfc062723c751e8b465ee728b)  -> (artifact id: '3ff98c1b26c4e9a3f85a8bf07c09bb92') in 0.009043 seconds
  Import took 0.015138 seconds .

